<?xml version="1.0" encoding="UTF-8"?>
<!-- Generated by org.testng.reporters.JUnitReportReporter -->
<testsuite skipped="0" hostname="EPILAP191" name="learnautomation.testcases.LoginTestCRM" tests="1" failures="0" timestamp="20 Nov 2021 14:17:18 GMT" time="11.931" errors="0">
  <testcase name="loginApp" time="11.931" classname="learnautomation.testcases.LoginTestCRM"/>
</testsuite> <!-- learnautomation.testcases.LoginTestCRM -->
